I, [2015-04-22T15:56:16.702213 #1552]  INFO -- Kitchen: -----> Starting Kitchen (v1.4.0.rc.1)
I, [2015-04-22T15:56:18.427026 #1552]  INFO -- Kitchen: -----> Cleaning up any prior instances of <default-windows-2012r2>
I, [2015-04-22T15:56:18.427026 #1552]  INFO -- Kitchen: -----> Destroying <default-windows-2012r2>...
I, [2015-04-22T15:56:18.442652 #1552]  INFO -- Kitchen: -----> Testing <default-windows-2012r2>
I, [2015-04-22T15:56:18.442652 #1552]  INFO -- Kitchen: -----> Creating <default-windows-2012r2>...
E, [2015-04-22T15:56:23.475164 #1552] ERROR -- Kitchen: ------Exception-------
E, [2015-04-22T15:56:23.475164 #1552] ERROR -- Kitchen: Class: Kitchen::ActionFailed
E, [2015-04-22T15:56:23.475164 #1552] ERROR -- Kitchen: Message: Failed to complete #create action: [Failed: #< CLIXML
<Objs Version="1.1.0.1" xmlns="http://schemas.microsoft.com/powershell/2004/04"><Obj S="progress" RefId="0"><TN RefId="0"><T>System.Management.Automation.PSCustomObject</T><T>System.Object</T></TN><MS><I64 N="SourceId">1</I64><PR N="Record"><AV>Module werden fÅr erstmalige Verwendung vorbereitet.</AV><AI>0</AI><Nil /><PI>-1</PI><PC>-1</PC><T>Completed</T><SR>-1</SR><SD> </SD></PR></MS></Obj><Obj S="progress" RefId="1"><TNRef RefId="0" /><MS><I64 N="SourceId">2</I64><PR N="Record"><AV>Module werden fÅr erstmalige Verwendung vorbereitet.</AV><AI>0</AI><Nil /><PI>-1</PI><PC>-1</PC><T>Completed</T><SR>-1</SR><SD> </SD></PR></MS></Obj><S S="Error">New-VHD : Das Argument fÅr den Parameter "ParentPath" kann nicht ÅberprÅft werden. Das Argument ist NULL oder leer. Geben Sie ein Argument an, das _x000D__x000A_</S><S S="Error">nicht NULL oder leer ist, und fÅhren Sie den Befehl erneut aus._x000D__x000A_</S><S S="Error">In Zeile:3 Zeichen:107_x000D__x000A_</S><S S="Error">+ ... test/.kitchen/default-windows-2012r2/diff.vhd" -parentpath "" -Differ ..._x000D__x000A_</S><S S="Error">+                                                                ~~_x000D__x000A_</S><S S="Error">    + CategoryInfo          : InvalidData: (:) [New-VHD], ParameterBindingValidationException_x000D__x000A_</S><S S="Error">    + FullyQualifiedErrorId : ParameterArgumentValidationError,Microsoft.Vhd.PowerShell.Cmdlets.NewVhd_x000D__x000A_</S><S S="Error"> _x000D__x000A_</S></Objs>]
E, [2015-04-22T15:56:23.490788 #1552] ERROR -- Kitchen: ---Nested Exception---
E, [2015-04-22T15:56:23.490788 #1552] ERROR -- Kitchen: Class: RuntimeError
E, [2015-04-22T15:56:23.490788 #1552] ERROR -- Kitchen: Message: Failed: #< CLIXML
<Objs Version="1.1.0.1" xmlns="http://schemas.microsoft.com/powershell/2004/04"><Obj S="progress" RefId="0"><TN RefId="0"><T>System.Management.Automation.PSCustomObject</T><T>System.Object</T></TN><MS><I64 N="SourceId">1</I64><PR N="Record"><AV>Module werden fÅr erstmalige Verwendung vorbereitet.</AV><AI>0</AI><Nil /><PI>-1</PI><PC>-1</PC><T>Completed</T><SR>-1</SR><SD> </SD></PR></MS></Obj><Obj S="progress" RefId="1"><TNRef RefId="0" /><MS><I64 N="SourceId">2</I64><PR N="Record"><AV>Module werden fÅr erstmalige Verwendung vorbereitet.</AV><AI>0</AI><Nil /><PI>-1</PI><PC>-1</PC><T>Completed</T><SR>-1</SR><SD> </SD></PR></MS></Obj><S S="Error">New-VHD : Das Argument fÅr den Parameter "ParentPath" kann nicht ÅberprÅft werden. Das Argument ist NULL oder leer. Geben Sie ein Argument an, das _x000D__x000A_</S><S S="Error">nicht NULL oder leer ist, und fÅhren Sie den Befehl erneut aus._x000D__x000A_</S><S S="Error">In Zeile:3 Zeichen:107_x000D__x000A_</S><S S="Error">+ ... test/.kitchen/default-windows-2012r2/diff.vhd" -parentpath "" -Differ ..._x000D__x000A_</S><S S="Error">+                                                                ~~_x000D__x000A_</S><S S="Error">    + CategoryInfo          : InvalidData: (:) [New-VHD], ParameterBindingValidationException_x000D__x000A_</S><S S="Error">    + FullyQualifiedErrorId : ParameterArgumentValidationError,Microsoft.Vhd.PowerShell.Cmdlets.NewVhd_x000D__x000A_</S><S S="Error"> _x000D__x000A_</S></Objs>
E, [2015-04-22T15:56:23.490788 #1552] ERROR -- Kitchen: ------Backtrace-------
E, [2015-04-22T15:56:23.490788 #1552] ERROR -- Kitchen: C:/Users/Manuel/.chefdk/gem/ruby/2.0.0/bundler/gems/kitchen-hyperv-0e517f2f511e/lib/kitchen/driver/hyperv.rb:150:in `run_ps'
E, [2015-04-22T15:56:23.490788 #1552] ERROR -- Kitchen: C:/Users/Manuel/.chefdk/gem/ruby/2.0.0/bundler/gems/kitchen-hyperv-0e517f2f511e/lib/kitchen/driver/hyperv.rb:96:in `create_new_differencing_disk'
E, [2015-04-22T15:56:23.490788 #1552] ERROR -- Kitchen: C:/Users/Manuel/.chefdk/gem/ruby/2.0.0/bundler/gems/kitchen-hyperv-0e517f2f511e/lib/kitchen/driver/hyperv.rb:45:in `create'
E, [2015-04-22T15:56:23.490788 #1552] ERROR -- Kitchen: C:/Users/Manuel/.chefdk/gem/ruby/2.0.0/gems/test-kitchen-1.4.0.rc.1/lib/kitchen/instance.rb:424:in `public_send'
E, [2015-04-22T15:56:23.490788 #1552] ERROR -- Kitchen: C:/Users/Manuel/.chefdk/gem/ruby/2.0.0/gems/test-kitchen-1.4.0.rc.1/lib/kitchen/instance.rb:424:in `block in perform_action'
E, [2015-04-22T15:56:23.490788 #1552] ERROR -- Kitchen: C:/Users/Manuel/.chefdk/gem/ruby/2.0.0/gems/test-kitchen-1.4.0.rc.1/lib/kitchen/instance.rb:488:in `call'
E, [2015-04-22T15:56:23.490788 #1552] ERROR -- Kitchen: C:/Users/Manuel/.chefdk/gem/ruby/2.0.0/gems/test-kitchen-1.4.0.rc.1/lib/kitchen/instance.rb:488:in `synchronize_or_call'
E, [2015-04-22T15:56:23.490788 #1552] ERROR -- Kitchen: C:/Users/Manuel/.chefdk/gem/ruby/2.0.0/gems/test-kitchen-1.4.0.rc.1/lib/kitchen/instance.rb:453:in `block in action'
E, [2015-04-22T15:56:23.490788 #1552] ERROR -- Kitchen: c:/opscode/chefdk/embedded/lib/ruby/2.0.0/benchmark.rb:281:in `measure'
E, [2015-04-22T15:56:23.490788 #1552] ERROR -- Kitchen: C:/Users/Manuel/.chefdk/gem/ruby/2.0.0/gems/test-kitchen-1.4.0.rc.1/lib/kitchen/instance.rb:452:in `action'
E, [2015-04-22T15:56:23.490788 #1552] ERROR -- Kitchen: C:/Users/Manuel/.chefdk/gem/ruby/2.0.0/gems/test-kitchen-1.4.0.rc.1/lib/kitchen/instance.rb:424:in `perform_action'
E, [2015-04-22T15:56:23.490788 #1552] ERROR -- Kitchen: C:/Users/Manuel/.chefdk/gem/ruby/2.0.0/gems/test-kitchen-1.4.0.rc.1/lib/kitchen/instance.rb:352:in `create_action'
E, [2015-04-22T15:56:23.490788 #1552] ERROR -- Kitchen: C:/Users/Manuel/.chefdk/gem/ruby/2.0.0/gems/test-kitchen-1.4.0.rc.1/lib/kitchen/instance.rb:341:in `block in transition_to'
E, [2015-04-22T15:56:23.490788 #1552] ERROR -- Kitchen: C:/Users/Manuel/.chefdk/gem/ruby/2.0.0/gems/test-kitchen-1.4.0.rc.1/lib/kitchen/instance.rb:340:in `each'
E, [2015-04-22T15:56:23.490788 #1552] ERROR -- Kitchen: C:/Users/Manuel/.chefdk/gem/ruby/2.0.0/gems/test-kitchen-1.4.0.rc.1/lib/kitchen/instance.rb:340:in `transition_to'
E, [2015-04-22T15:56:23.490788 #1552] ERROR -- Kitchen: C:/Users/Manuel/.chefdk/gem/ruby/2.0.0/gems/test-kitchen-1.4.0.rc.1/lib/kitchen/instance.rb:160:in `verify'
E, [2015-04-22T15:56:23.490788 #1552] ERROR -- Kitchen: C:/Users/Manuel/.chefdk/gem/ruby/2.0.0/gems/test-kitchen-1.4.0.rc.1/lib/kitchen/instance.rb:189:in `block in test'
E, [2015-04-22T15:56:23.490788 #1552] ERROR -- Kitchen: c:/opscode/chefdk/embedded/lib/ruby/2.0.0/benchmark.rb:281:in `measure'
E, [2015-04-22T15:56:23.490788 #1552] ERROR -- Kitchen: C:/Users/Manuel/.chefdk/gem/ruby/2.0.0/gems/test-kitchen-1.4.0.rc.1/lib/kitchen/instance.rb:185:in `test'
E, [2015-04-22T15:56:23.490788 #1552] ERROR -- Kitchen: C:/Users/Manuel/.chefdk/gem/ruby/2.0.0/gems/test-kitchen-1.4.0.rc.1/lib/kitchen/command.rb:176:in `public_send'
E, [2015-04-22T15:56:23.490788 #1552] ERROR -- Kitchen: C:/Users/Manuel/.chefdk/gem/ruby/2.0.0/gems/test-kitchen-1.4.0.rc.1/lib/kitchen/command.rb:176:in `block (2 levels) in run_action'
E, [2015-04-22T15:56:23.490788 #1552] ERROR -- Kitchen: C:/opscode/chefdk/embedded/lib/ruby/gems/2.0.0/gems/logging-1.8.2/lib/logging/diagnostic_context.rb:323:in `call'
E, [2015-04-22T15:56:23.490788 #1552] ERROR -- Kitchen: C:/opscode/chefdk/embedded/lib/ruby/gems/2.0.0/gems/logging-1.8.2/lib/logging/diagnostic_context.rb:323:in `block in create_with_logging_context'
E, [2015-04-22T15:56:23.490788 #1552] ERROR -- Kitchen: ----------------------
